<?xml version="1.0" encoding="UTF-8"?>
<testsuite xmlns:xsi="http://www.w3.org/2001/XMLSchema-instance" xsi:noNamespaceSchemaLocation="https://maven.apache.org/surefire/maven-surefire-plugin/xsd/surefire-test-report.xsd" name="com.example.demo.controller.RecommendationControllerTest" time="3.029" tests="3" errors="0" skipped="0" failures="0">
  <properties>
    <property name="sun.desktop" value="gnome"/>
    <property name="awt.toolkit" value="sun.awt.X11.XToolkit"/>
    <property name="file.encoding.pkg" value="sun.io"/>
    <property name="java.specification.version" value="1.8"/>
    <property name="sun.cpu.isalist" value=""/>
    <property name="sun.jnu.encoding" value="UTF-8"/>
    <property name="java.class.path" value="/home/ibm-wave10-rutul/spring-tool-suite-4-4.4.2.RELEASE-e4.13.0-linux.gtk.x86_64/sts-4.4.2.RELEASE/CricketPlayerMicroService/CricketPlayerRecommendation/target/test-classes:/home/ibm-wave10-rutul/spring-tool-suite-4-4.4.2.RELEASE-e4.13.0-linux.gtk.x86_64/sts-4.4.2.RELEASE/CricketPlayerMicroService/CricketPlayerRecommendation/target/classes:/home/ibm-wave10-rutul/.m2/repository/junit/junit/4.12/junit-4.12.jar:/home/ibm-wave10-rutul/.m2/repository/org/hamcrest/hamcrest-core/2.1/hamcrest-core-2.1.jar:/home/ibm-wave10-rutul/.m2/repository/org/springframework/boot/spring-boot-starter/2.2.2.RELEASE/spring-boot-starter-2.2.2.RELEASE.jar:/home/ibm-wave10-rutul/.m2/repository/org/springframework/boot/spring-boot/2.2.2.RELEASE/spring-boot-2.2.2.RELEASE.jar:/home/ibm-wave10-rutul/.m2/repository/org/springframework/boot/spring-boot-autoconfigure/2.2.2.RELEASE/spring-boot-autoconfigure-2.2.2.RELEASE.jar:/home/ibm-wave10-rutul/.m2/repository/org/springframework/boot/spring-boot-starter-logging/2.2.2.RELEASE/spring-boot-starter-logging-2.2.2.RELEASE.jar:/home/ibm-wave10-rutul/.m2/repository/org/apache/logging/log4j/log4j-to-slf4j/2.12.1/log4j-to-slf4j-2.12.1.jar:/home/ibm-wave10-rutul/.m2/repository/org/apache/logging/log4j/log4j-api/2.12.1/log4j-api-2.12.1.jar:/home/ibm-wave10-rutul/.m2/repository/org/slf4j/jul-to-slf4j/1.7.29/jul-to-slf4j-1.7.29.jar:/home/ibm-wave10-rutul/.m2/repository/jakarta/annotation/jakarta.annotation-api/1.3.5/jakarta.annotation-api-1.3.5.jar:/home/ibm-wave10-rutul/.m2/repository/org/springframework/spring-core/5.2.2.RELEASE/spring-core-5.2.2.RELEASE.jar:/home/ibm-wave10-rutul/.m2/repository/org/springframework/spring-jcl/5.2.2.RELEASE/spring-jcl-5.2.2.RELEASE.jar:/home/ibm-wave10-rutul/.m2/repository/org/yaml/snakeyaml/1.25/snakeyaml-1.25.jar:/home/ibm-wave10-rutul/.m2/repository/org/springframework/boot/spring-boot-starter-test/2.2.2.RELEASE/spring-boot-starter-test-2.2.2.RELEASE.jar:/home/ibm-wave10-rutul/.m2/repository/org/springframework/boot/spring-boot-test/2.2.2.RELEASE/spring-boot-test-2.2.2.RELEASE.jar:/home/ibm-wave10-rutul/.m2/repository/org/springframework/boot/spring-boot-test-autoconfigure/2.2.2.RELEASE/spring-boot-test-autoconfigure-2.2.2.RELEASE.jar:/home/ibm-wave10-rutul/.m2/repository/com/jayway/jsonpath/json-path/2.4.0/json-path-2.4.0.jar:/home/ibm-wave10-rutul/.m2/repository/net/minidev/json-smart/2.3/json-smart-2.3.jar:/home/ibm-wave10-rutul/.m2/repository/net/minidev/accessors-smart/1.2/accessors-smart-1.2.jar:/home/ibm-wave10-rutul/.m2/repository/org/ow2/asm/asm/5.0.4/asm-5.0.4.jar:/home/ibm-wave10-rutul/.m2/repository/jakarta/xml/bind/jakarta.xml.bind-api/2.3.2/jakarta.xml.bind-api-2.3.2.jar:/home/ibm-wave10-rutul/.m2/repository/jakarta/activation/jakarta.activation-api/1.2.1/jakarta.activation-api-1.2.1.jar:/home/ibm-wave10-rutul/.m2/repository/org/junit/jupiter/junit-jupiter/5.5.2/junit-jupiter-5.5.2.jar:/home/ibm-wave10-rutul/.m2/repository/org/junit/jupiter/junit-jupiter-api/5.5.2/junit-jupiter-api-5.5.2.jar:/home/ibm-wave10-rutul/.m2/repository/org/opentest4j/opentest4j/1.2.0/opentest4j-1.2.0.jar:/home/ibm-wave10-rutul/.m2/repository/org/junit/platform/junit-platform-commons/1.5.2/junit-platform-commons-1.5.2.jar:/home/ibm-wave10-rutul/.m2/repository/org/junit/jupiter/junit-jupiter-params/5.5.2/junit-jupiter-params-5.5.2.jar:/home/ibm-wave10-rutul/.m2/repository/org/junit/jupiter/junit-jupiter-engine/5.5.2/junit-jupiter-engine-5.5.2.jar:/home/ibm-wave10-rutul/.m2/repository/org/junit/vintage/junit-vintage-engine/5.5.2/junit-vintage-engine-5.5.2.jar:/home/ibm-wave10-rutul/.m2/repository/org/apiguardian/apiguardian-api/1.1.0/apiguardian-api-1.1.0.jar:/home/ibm-wave10-rutul/.m2/repository/org/junit/platform/junit-platform-engine/1.5.2/junit-platform-engine-1.5.2.jar:/home/ibm-wave10-rutul/.m2/repository/org/mockito/mockito-junit-jupiter/3.1.0/mockito-junit-jupiter-3.1.0.jar:/home/ibm-wave10-rutul/.m2/repository/org/assertj/assertj-core/3.13.2/assertj-core-3.13.2.jar:/home/ibm-wave10-rutul/.m2/repository/org/hamcrest/hamcrest/2.1/hamcrest-2.1.jar:/home/ibm-wave10-rutul/.m2/repository/org/mockito/mockito-core/3.1.0/mockito-core-3.1.0.jar:/home/ibm-wave10-rutul/.m2/repository/net/bytebuddy/byte-buddy/1.10.4/byte-buddy-1.10.4.jar:/home/ibm-wave10-rutul/.m2/repository/net/bytebuddy/byte-buddy-agent/1.10.4/byte-buddy-agent-1.10.4.jar:/home/ibm-wave10-rutul/.m2/repository/org/objenesis/objenesis/2.6/objenesis-2.6.jar:/home/ibm-wave10-rutul/.m2/repository/org/skyscreamer/jsonassert/1.5.0/jsonassert-1.5.0.jar:/home/ibm-wave10-rutul/.m2/repository/com/vaadin/external/google/android-json/0.0.20131108.vaadin1/android-json-0.0.20131108.vaadin1.jar:/home/ibm-wave10-rutul/.m2/repository/org/springframework/spring-test/5.2.2.RELEASE/spring-test-5.2.2.RELEASE.jar:/home/ibm-wave10-rutul/.m2/repository/org/xmlunit/xmlunit-core/2.6.3/xmlunit-core-2.6.3.jar:/home/ibm-wave10-rutul/.m2/repository/org/springframework/boot/spring-boot-starter-data-mongodb/2.2.2.RELEASE/spring-boot-starter-data-mongodb-2.2.2.RELEASE.jar:/home/ibm-wave10-rutul/.m2/repository/org/mongodb/mongodb-driver/3.11.2/mongodb-driver-3.11.2.jar:/home/ibm-wave10-rutul/.m2/repository/org/mongodb/bson/3.11.2/bson-3.11.2.jar:/home/ibm-wave10-rutul/.m2/repository/org/mongodb/mongodb-driver-core/3.11.2/mongodb-driver-core-3.11.2.jar:/home/ibm-wave10-rutul/.m2/repository/org/springframework/data/spring-data-mongodb/2.2.3.RELEASE/spring-data-mongodb-2.2.3.RELEASE.jar:/home/ibm-wave10-rutul/.m2/repository/org/springframework/spring-tx/5.2.2.RELEASE/spring-tx-5.2.2.RELEASE.jar:/home/ibm-wave10-rutul/.m2/repository/org/springframework/data/spring-data-commons/2.2.3.RELEASE/spring-data-commons-2.2.3.RELEASE.jar:/home/ibm-wave10-rutul/.m2/repository/org/springframework/boot/spring-boot-starter-web/2.2.2.RELEASE/spring-boot-starter-web-2.2.2.RELEASE.jar:/home/ibm-wave10-rutul/.m2/repository/org/springframework/boot/spring-boot-starter-json/2.2.2.RELEASE/spring-boot-starter-json-2.2.2.RELEASE.jar:/home/ibm-wave10-rutul/.m2/repository/com/fasterxml/jackson/datatype/jackson-datatype-jdk8/2.10.1/jackson-datatype-jdk8-2.10.1.jar:/home/ibm-wave10-rutul/.m2/repository/com/fasterxml/jackson/datatype/jackson-datatype-jsr310/2.10.1/jackson-datatype-jsr310-2.10.1.jar:/home/ibm-wave10-rutul/.m2/repository/com/fasterxml/jackson/module/jackson-module-parameter-names/2.10.1/jackson-module-parameter-names-2.10.1.jar:/home/ibm-wave10-rutul/.m2/repository/org/springframework/boot/spring-boot-starter-tomcat/2.2.2.RELEASE/spring-boot-starter-tomcat-2.2.2.RELEASE.jar:/home/ibm-wave10-rutul/.m2/repository/org/apache/tomcat/embed/tomcat-embed-core/9.0.29/tomcat-embed-core-9.0.29.jar:/home/ibm-wave10-rutul/.m2/repository/org/apache/tomcat/embed/tomcat-embed-el/9.0.29/tomcat-embed-el-9.0.29.jar:/home/ibm-wave10-rutul/.m2/repository/org/apache/tomcat/embed/tomcat-embed-websocket/9.0.29/tomcat-embed-websocket-9.0.29.jar:/home/ibm-wave10-rutul/.m2/repository/org/springframework/boot/spring-boot-starter-validation/2.2.2.RELEASE/spring-boot-starter-validation-2.2.2.RELEASE.jar:/home/ibm-wave10-rutul/.m2/repository/jakarta/validation/jakarta.validation-api/2.0.1/jakarta.validation-api-2.0.1.jar:/home/ibm-wave10-rutul/.m2/repository/org/hibernate/validator/hibernate-validator/6.0.18.Final/hibernate-validator-6.0.18.Final.jar:/home/ibm-wave10-rutul/.m2/repository/org/jboss/logging/jboss-logging/3.4.1.Final/jboss-logging-3.4.1.Final.jar:/home/ibm-wave10-rutul/.m2/repository/org/springframework/spring-web/5.2.2.RELEASE/spring-web-5.2.2.RELEASE.jar:/home/ibm-wave10-rutul/.m2/repository/org/springframework/spring-webmvc/5.2.2.RELEASE/spring-webmvc-5.2.2.RELEASE.jar:/home/ibm-wave10-rutul/.m2/repository/org/apache/cassandra/cassandra-all/0.8.1/cassandra-all-0.8.1.jar:/home/ibm-wave10-rutul/.m2/repository/com/google/guava/guava/r08/guava-r08.jar:/home/ibm-wave10-rutul/.m2/repository/commons-cli/commons-cli/1.1/commons-cli-1.1.jar:/home/ibm-wave10-rutul/.m2/repository/commons-codec/commons-codec/1.13/commons-codec-1.13.jar:/home/ibm-wave10-rutul/.m2/repository/commons-collections/commons-collections/3.2.1/commons-collections-3.2.1.jar:/home/ibm-wave10-rutul/.m2/repository/commons-lang/commons-lang/2.4/commons-lang-2.4.jar:/home/ibm-wave10-rutul/.m2/repository/com/googlecode/concurrentlinkedhashmap/concurrentlinkedhashmap-lru/1.1/concurrentlinkedhashmap-lru-1.1.jar:/home/ibm-wave10-rutul/.m2/repository/org/antlr/antlr/3.2/antlr-3.2.jar:/home/ibm-wave10-rutul/.m2/repository/org/antlr/antlr-runtime/3.2/antlr-runtime-3.2.jar:/home/ibm-wave10-rutul/.m2/repository/org/antlr/stringtemplate/3.2/stringtemplate-3.2.jar:/home/ibm-wave10-rutul/.m2/repository/antlr/antlr/2.7.7/antlr-2.7.7.jar:/home/ibm-wave10-rutul/.m2/repository/org/slf4j/slf4j-api/1.7.29/slf4j-api-1.7.29.jar:/home/ibm-wave10-rutul/.m2/repository/org/apache/cassandra/deps/avro/1.4.0-cassandra-1/avro-1.4.0-cassandra-1.jar:/home/ibm-wave10-rutul/.m2/repository/org/mortbay/jetty/jetty/6.1.22/jetty-6.1.22.jar:/home/ibm-wave10-rutul/.m2/repository/org/mortbay/jetty/jetty-util/6.1.22/jetty-util-6.1.22.jar:/home/ibm-wave10-rutul/.m2/repository/org/mortbay/jetty/servlet-api/2.5-20081211/servlet-api-2.5-20081211.jar:/home/ibm-wave10-rutul/.m2/repository/org/codehaus/jackson/jackson-core-asl/1.4.0/jackson-core-asl-1.4.0.jar:/home/ibm-wave10-rutul/.m2/repository/org/codehaus/jackson/jackson-mapper-asl/1.4.0/jackson-mapper-asl-1.4.0.jar:/home/ibm-wave10-rutul/.m2/repository/jline/jline/0.9.94/jline-0.9.94.jar:/home/ibm-wave10-rutul/.m2/repository/com/googlecode/json-simple/json-simple/1.1/json-simple-1.1.jar:/home/ibm-wave10-rutul/.m2/repository/com/github/stephenc/high-scale-lib/high-scale-lib/1.1.2/high-scale-lib-1.1.2.jar:/home/ibm-wave10-rutul/.m2/repository/org/apache/thrift/libthrift/0.6.1/libthrift-0.6.1.jar:/home/ibm-wave10-rutul/.m2/repository/javax/servlet/servlet-api/2.5/servlet-api-2.5.jar:/home/ibm-wave10-rutul/.m2/repository/org/apache/httpcomponents/httpclient/4.5.10/httpclient-4.5.10.jar:/home/ibm-wave10-rutul/.m2/repository/org/apache/httpcomponents/httpcore/4.4.12/httpcore-4.4.12.jar:/home/ibm-wave10-rutul/.m2/repository/org/apache/cassandra/cassandra-thrift/0.8.1/cassandra-thrift-0.8.1.jar:/home/ibm-wave10-rutul/.m2/repository/com/github/stephenc/jamm/0.2.2/jamm-0.2.2.jar:/home/ibm-wave10-rutul/.m2/repository/ch/qos/logback/logback-classic/1.2.3/logback-classic-1.2.3.jar:/home/ibm-wave10-rutul/.m2/repository/ch/qos/logback/logback-core/1.2.3/logback-core-1.2.3.jar:/home/ibm-wave10-rutul/.m2/repository/org/aspectj/aspectjweaver/1.9.5/aspectjweaver-1.9.5.jar:/home/ibm-wave10-rutul/.m2/repository/org/springframework/spring-context/5.2.2.RELEASE/spring-context-5.2.2.RELEASE.jar:/home/ibm-wave10-rutul/.m2/repository/org/springframework/spring-aop/5.2.2.RELEASE/spring-aop-5.2.2.RELEASE.jar:/home/ibm-wave10-rutul/.m2/repository/org/springframework/spring-beans/5.2.2.RELEASE/spring-beans-5.2.2.RELEASE.jar:/home/ibm-wave10-rutul/.m2/repository/org/springframework/spring-expression/5.2.2.RELEASE/spring-expression-5.2.2.RELEASE.jar:/home/ibm-wave10-rutul/.m2/repository/org/springframework/security/spring-security-test/5.2.1.RELEASE/spring-security-test-5.2.1.RELEASE.jar:/home/ibm-wave10-rutul/.m2/repository/org/springframework/security/spring-security-core/5.2.1.RELEASE/spring-security-core-5.2.1.RELEASE.jar:/home/ibm-wave10-rutul/.m2/repository/org/springframework/security/spring-security-web/5.2.1.RELEASE/spring-security-web-5.2.1.RELEASE.jar:/home/ibm-wave10-rutul/.m2/repository/io/jsonwebtoken/jjwt/0.9.0/jjwt-0.9.0.jar:/home/ibm-wave10-rutul/.m2/repository/com/fasterxml/jackson/core/jackson-databind/2.10.1/jackson-databind-2.10.1.jar:/home/ibm-wave10-rutul/.m2/repository/com/fasterxml/jackson/core/jackson-annotations/2.10.1/jackson-annotations-2.10.1.jar:/home/ibm-wave10-rutul/.m2/repository/com/fasterxml/jackson/core/jackson-core/2.10.1/jackson-core-2.10.1.jar:/home/ibm-wave10-rutul/.m2/repository/org/springframework/security/spring-security-crypto/5.2.1.RELEASE/spring-security-crypto-5.2.1.RELEASE.jar:/home/ibm-wave10-rutul/.m2/repository/io/springfox/springfox-swagger2/2.9.2/springfox-swagger2-2.9.2.jar:/home/ibm-wave10-rutul/.m2/repository/io/swagger/swagger-annotations/1.5.20/swagger-annotations-1.5.20.jar:/home/ibm-wave10-rutul/.m2/repository/io/swagger/swagger-models/1.5.20/swagger-models-1.5.20.jar:/home/ibm-wave10-rutul/.m2/repository/io/springfox/springfox-spi/2.9.2/springfox-spi-2.9.2.jar:/home/ibm-wave10-rutul/.m2/repository/io/springfox/springfox-core/2.9.2/springfox-core-2.9.2.jar:/home/ibm-wave10-rutul/.m2/repository/io/springfox/springfox-schema/2.9.2/springfox-schema-2.9.2.jar:/home/ibm-wave10-rutul/.m2/repository/io/springfox/springfox-swagger-common/2.9.2/springfox-swagger-common-2.9.2.jar:/home/ibm-wave10-rutul/.m2/repository/io/springfox/springfox-spring-web/2.9.2/springfox-spring-web-2.9.2.jar:/home/ibm-wave10-rutul/.m2/repository/com/fasterxml/classmate/1.5.1/classmate-1.5.1.jar:/home/ibm-wave10-rutul/.m2/repository/org/springframework/plugin/spring-plugin-core/1.2.0.RELEASE/spring-plugin-core-1.2.0.RELEASE.jar:/home/ibm-wave10-rutul/.m2/repository/org/springframework/plugin/spring-plugin-metadata/1.2.0.RELEASE/spring-plugin-metadata-1.2.0.RELEASE.jar:/home/ibm-wave10-rutul/.m2/repository/org/mapstruct/mapstruct/1.2.0.Final/mapstruct-1.2.0.Final.jar:/home/ibm-wave10-rutul/.m2/repository/io/springfox/springfox-swagger-ui/2.9.2/springfox-swagger-ui-2.9.2.jar:"/>
    <property name="java.vm.vendor" value="Private Build"/>
    <property name="sun.arch.data.model" value="64"/>
    <property name="java.vendor.url" value="http://java.oracle.com/"/>
    <property name="user.timezone" value=""/>
    <property name="java.vm.specification.version" value="1.8"/>
    <property name="os.name" value="Linux"/>
    <property name="user.country" value="IN"/>
    <property name="sun.java.launcher" value="SUN_STANDARD"/>
    <property name="sun.boot.library.path" value="/usr/lib/jvm/java-8-openjdk-amd64/jre/lib/amd64"/>
    <property name="sun.java.command" value="/home/ibm-wave10-rutul/spring-tool-suite-4-4.4.2.RELEASE-e4.13.0-linux.gtk.x86_64/sts-4.4.2.RELEASE/CricketPlayerMicroService/CricketPlayerRecommendation/target/surefire/surefirebooter4164760420959821551.jar /home/ibm-wave10-rutul/spring-tool-suite-4-4.4.2.RELEASE-e4.13.0-linux.gtk.x86_64/sts-4.4.2.RELEASE/CricketPlayerMicroService/CricketPlayerRecommendation/target/surefire 2020-01-21T06-46-52_686-jvmRun1 surefire1780581259302111989tmp surefire_24417740515458125839tmp"/>
    <property name="surefire.test.class.path" value="/home/ibm-wave10-rutul/spring-tool-suite-4-4.4.2.RELEASE-e4.13.0-linux.gtk.x86_64/sts-4.4.2.RELEASE/CricketPlayerMicroService/CricketPlayerRecommendation/target/test-classes:/home/ibm-wave10-rutul/spring-tool-suite-4-4.4.2.RELEASE-e4.13.0-linux.gtk.x86_64/sts-4.4.2.RELEASE/CricketPlayerMicroService/CricketPlayerRecommendation/target/classes:/home/ibm-wave10-rutul/.m2/repository/junit/junit/4.12/junit-4.12.jar:/home/ibm-wave10-rutul/.m2/repository/org/hamcrest/hamcrest-core/2.1/hamcrest-core-2.1.jar:/home/ibm-wave10-rutul/.m2/repository/org/springframework/boot/spring-boot-starter/2.2.2.RELEASE/spring-boot-starter-2.2.2.RELEASE.jar:/home/ibm-wave10-rutul/.m2/repository/org/springframework/boot/spring-boot/2.2.2.RELEASE/spring-boot-2.2.2.RELEASE.jar:/home/ibm-wave10-rutul/.m2/repository/org/springframework/boot/spring-boot-autoconfigure/2.2.2.RELEASE/spring-boot-autoconfigure-2.2.2.RELEASE.jar:/home/ibm-wave10-rutul/.m2/repository/org/springframework/boot/spring-boot-starter-logging/2.2.2.RELEASE/spring-boot-starter-logging-2.2.2.RELEASE.jar:/home/ibm-wave10-rutul/.m2/repository/org/apache/logging/log4j/log4j-to-slf4j/2.12.1/log4j-to-slf4j-2.12.1.jar:/home/ibm-wave10-rutul/.m2/repository/org/apache/logging/log4j/log4j-api/2.12.1/log4j-api-2.12.1.jar:/home/ibm-wave10-rutul/.m2/repository/org/slf4j/jul-to-slf4j/1.7.29/jul-to-slf4j-1.7.29.jar:/home/ibm-wave10-rutul/.m2/repository/jakarta/annotation/jakarta.annotation-api/1.3.5/jakarta.annotation-api-1.3.5.jar:/home/ibm-wave10-rutul/.m2/repository/org/springframework/spring-core/5.2.2.RELEASE/spring-core-5.2.2.RELEASE.jar:/home/ibm-wave10-rutul/.m2/repository/org/springframework/spring-jcl/5.2.2.RELEASE/spring-jcl-5.2.2.RELEASE.jar:/home/ibm-wave10-rutul/.m2/repository/org/yaml/snakeyaml/1.25/snakeyaml-1.25.jar:/home/ibm-wave10-rutul/.m2/repository/org/springframework/boot/spring-boot-starter-test/2.2.2.RELEASE/spring-boot-starter-test-2.2.2.RELEASE.jar:/home/ibm-wave10-rutul/.m2/repository/org/springframework/boot/spring-boot-test/2.2.2.RELEASE/spring-boot-test-2.2.2.RELEASE.jar:/home/ibm-wave10-rutul/.m2/repository/org/springframework/boot/spring-boot-test-autoconfigure/2.2.2.RELEASE/spring-boot-test-autoconfigure-2.2.2.RELEASE.jar:/home/ibm-wave10-rutul/.m2/repository/com/jayway/jsonpath/json-path/2.4.0/json-path-2.4.0.jar:/home/ibm-wave10-rutul/.m2/repository/net/minidev/json-smart/2.3/json-smart-2.3.jar:/home/ibm-wave10-rutul/.m2/repository/net/minidev/accessors-smart/1.2/accessors-smart-1.2.jar:/home/ibm-wave10-rutul/.m2/repository/org/ow2/asm/asm/5.0.4/asm-5.0.4.jar:/home/ibm-wave10-rutul/.m2/repository/jakarta/xml/bind/jakarta.xml.bind-api/2.3.2/jakarta.xml.bind-api-2.3.2.jar:/home/ibm-wave10-rutul/.m2/repository/jakarta/activation/jakarta.activation-api/1.2.1/jakarta.activation-api-1.2.1.jar:/home/ibm-wave10-rutul/.m2/repository/org/junit/jupiter/junit-jupiter/5.5.2/junit-jupiter-5.5.2.jar:/home/ibm-wave10-rutul/.m2/repository/org/junit/jupiter/junit-jupiter-api/5.5.2/junit-jupiter-api-5.5.2.jar:/home/ibm-wave10-rutul/.m2/repository/org/opentest4j/opentest4j/1.2.0/opentest4j-1.2.0.jar:/home/ibm-wave10-rutul/.m2/repository/org/junit/platform/junit-platform-commons/1.5.2/junit-platform-commons-1.5.2.jar:/home/ibm-wave10-rutul/.m2/repository/org/junit/jupiter/junit-jupiter-params/5.5.2/junit-jupiter-params-5.5.2.jar:/home/ibm-wave10-rutul/.m2/repository/org/junit/jupiter/junit-jupiter-engine/5.5.2/junit-jupiter-engine-5.5.2.jar:/home/ibm-wave10-rutul/.m2/repository/org/junit/vintage/junit-vintage-engine/5.5.2/junit-vintage-engine-5.5.2.jar:/home/ibm-wave10-rutul/.m2/repository/org/apiguardian/apiguardian-api/1.1.0/apiguardian-api-1.1.0.jar:/home/ibm-wave10-rutul/.m2/repository/org/junit/platform/junit-platform-engine/1.5.2/junit-platform-engine-1.5.2.jar:/home/ibm-wave10-rutul/.m2/repository/org/mockito/mockito-junit-jupiter/3.1.0/mockito-junit-jupiter-3.1.0.jar:/home/ibm-wave10-rutul/.m2/repository/org/assertj/assertj-core/3.13.2/assertj-core-3.13.2.jar:/home/ibm-wave10-rutul/.m2/repository/org/hamcrest/hamcrest/2.1/hamcrest-2.1.jar:/home/ibm-wave10-rutul/.m2/repository/org/mockito/mockito-core/3.1.0/mockito-core-3.1.0.jar:/home/ibm-wave10-rutul/.m2/repository/net/bytebuddy/byte-buddy/1.10.4/byte-buddy-1.10.4.jar:/home/ibm-wave10-rutul/.m2/repository/net/bytebuddy/byte-buddy-agent/1.10.4/byte-buddy-agent-1.10.4.jar:/home/ibm-wave10-rutul/.m2/repository/org/objenesis/objenesis/2.6/objenesis-2.6.jar:/home/ibm-wave10-rutul/.m2/repository/org/skyscreamer/jsonassert/1.5.0/jsonassert-1.5.0.jar:/home/ibm-wave10-rutul/.m2/repository/com/vaadin/external/google/android-json/0.0.20131108.vaadin1/android-json-0.0.20131108.vaadin1.jar:/home/ibm-wave10-rutul/.m2/repository/org/springframework/spring-test/5.2.2.RELEASE/spring-test-5.2.2.RELEASE.jar:/home/ibm-wave10-rutul/.m2/repository/org/xmlunit/xmlunit-core/2.6.3/xmlunit-core-2.6.3.jar:/home/ibm-wave10-rutul/.m2/repository/org/springframework/boot/spring-boot-starter-data-mongodb/2.2.2.RELEASE/spring-boot-starter-data-mongodb-2.2.2.RELEASE.jar:/home/ibm-wave10-rutul/.m2/repository/org/mongodb/mongodb-driver/3.11.2/mongodb-driver-3.11.2.jar:/home/ibm-wave10-rutul/.m2/repository/org/mongodb/bson/3.11.2/bson-3.11.2.jar:/home/ibm-wave10-rutul/.m2/repository/org/mongodb/mongodb-driver-core/3.11.2/mongodb-driver-core-3.11.2.jar:/home/ibm-wave10-rutul/.m2/repository/org/springframework/data/spring-data-mongodb/2.2.3.RELEASE/spring-data-mongodb-2.2.3.RELEASE.jar:/home/ibm-wave10-rutul/.m2/repository/org/springframework/spring-tx/5.2.2.RELEASE/spring-tx-5.2.2.RELEASE.jar:/home/ibm-wave10-rutul/.m2/repository/org/springframework/data/spring-data-commons/2.2.3.RELEASE/spring-data-commons-2.2.3.RELEASE.jar:/home/ibm-wave10-rutul/.m2/repository/org/springframework/boot/spring-boot-starter-web/2.2.2.RELEASE/spring-boot-starter-web-2.2.2.RELEASE.jar:/home/ibm-wave10-rutul/.m2/repository/org/springframework/boot/spring-boot-starter-json/2.2.2.RELEASE/spring-boot-starter-json-2.2.2.RELEASE.jar:/home/ibm-wave10-rutul/.m2/repository/com/fasterxml/jackson/datatype/jackson-datatype-jdk8/2.10.1/jackson-datatype-jdk8-2.10.1.jar:/home/ibm-wave10-rutul/.m2/repository/com/fasterxml/jackson/datatype/jackson-datatype-jsr310/2.10.1/jackson-datatype-jsr310-2.10.1.jar:/home/ibm-wave10-rutul/.m2/repository/com/fasterxml/jackson/module/jackson-module-parameter-names/2.10.1/jackson-module-parameter-names-2.10.1.jar:/home/ibm-wave10-rutul/.m2/repository/org/springframework/boot/spring-boot-starter-tomcat/2.2.2.RELEASE/spring-boot-starter-tomcat-2.2.2.RELEASE.jar:/home/ibm-wave10-rutul/.m2/repository/org/apache/tomcat/embed/tomcat-embed-core/9.0.29/tomcat-embed-core-9.0.29.jar:/home/ibm-wave10-rutul/.m2/repository/org/apache/tomcat/embed/tomcat-embed-el/9.0.29/tomcat-embed-el-9.0.29.jar:/home/ibm-wave10-rutul/.m2/repository/org/apache/tomcat/embed/tomcat-embed-websocket/9.0.29/tomcat-embed-websocket-9.0.29.jar:/home/ibm-wave10-rutul/.m2/repository/org/springframework/boot/spring-boot-starter-validation/2.2.2.RELEASE/spring-boot-starter-validation-2.2.2.RELEASE.jar:/home/ibm-wave10-rutul/.m2/repository/jakarta/validation/jakarta.validation-api/2.0.1/jakarta.validation-api-2.0.1.jar:/home/ibm-wave10-rutul/.m2/repository/org/hibernate/validator/hibernate-validator/6.0.18.Final/hibernate-validator-6.0.18.Final.jar:/home/ibm-wave10-rutul/.m2/repository/org/jboss/logging/jboss-logging/3.4.1.Final/jboss-logging-3.4.1.Final.jar:/home/ibm-wave10-rutul/.m2/repository/org/springframework/spring-web/5.2.2.RELEASE/spring-web-5.2.2.RELEASE.jar:/home/ibm-wave10-rutul/.m2/repository/org/springframework/spring-webmvc/5.2.2.RELEASE/spring-webmvc-5.2.2.RELEASE.jar:/home/ibm-wave10-rutul/.m2/repository/org/apache/cassandra/cassandra-all/0.8.1/cassandra-all-0.8.1.jar:/home/ibm-wave10-rutul/.m2/repository/com/google/guava/guava/r08/guava-r08.jar:/home/ibm-wave10-rutul/.m2/repository/commons-cli/commons-cli/1.1/commons-cli-1.1.jar:/home/ibm-wave10-rutul/.m2/repository/commons-codec/commons-codec/1.13/commons-codec-1.13.jar:/home/ibm-wave10-rutul/.m2/repository/commons-collections/commons-collections/3.2.1/commons-collections-3.2.1.jar:/home/ibm-wave10-rutul/.m2/repository/commons-lang/commons-lang/2.4/commons-lang-2.4.jar:/home/ibm-wave10-rutul/.m2/repository/com/googlecode/concurrentlinkedhashmap/concurrentlinkedhashmap-lru/1.1/concurrentlinkedhashmap-lru-1.1.jar:/home/ibm-wave10-rutul/.m2/repository/org/antlr/antlr/3.2/antlr-3.2.jar:/home/ibm-wave10-rutul/.m2/repository/org/antlr/antlr-runtime/3.2/antlr-runtime-3.2.jar:/home/ibm-wave10-rutul/.m2/repository/org/antlr/stringtemplate/3.2/stringtemplate-3.2.jar:/home/ibm-wave10-rutul/.m2/repository/antlr/antlr/2.7.7/antlr-2.7.7.jar:/home/ibm-wave10-rutul/.m2/repository/org/slf4j/slf4j-api/1.7.29/slf4j-api-1.7.29.jar:/home/ibm-wave10-rutul/.m2/repository/org/apache/cassandra/deps/avro/1.4.0-cassandra-1/avro-1.4.0-cassandra-1.jar:/home/ibm-wave10-rutul/.m2/repository/org/mortbay/jetty/jetty/6.1.22/jetty-6.1.22.jar:/home/ibm-wave10-rutul/.m2/repository/org/mortbay/jetty/jetty-util/6.1.22/jetty-util-6.1.22.jar:/home/ibm-wave10-rutul/.m2/repository/org/mortbay/jetty/servlet-api/2.5-20081211/servlet-api-2.5-20081211.jar:/home/ibm-wave10-rutul/.m2/repository/org/codehaus/jackson/jackson-core-asl/1.4.0/jackson-core-asl-1.4.0.jar:/home/ibm-wave10-rutul/.m2/repository/org/codehaus/jackson/jackson-mapper-asl/1.4.0/jackson-mapper-asl-1.4.0.jar:/home/ibm-wave10-rutul/.m2/repository/jline/jline/0.9.94/jline-0.9.94.jar:/home/ibm-wave10-rutul/.m2/repository/com/googlecode/json-simple/json-simple/1.1/json-simple-1.1.jar:/home/ibm-wave10-rutul/.m2/repository/com/github/stephenc/high-scale-lib/high-scale-lib/1.1.2/high-scale-lib-1.1.2.jar:/home/ibm-wave10-rutul/.m2/repository/org/apache/thrift/libthrift/0.6.1/libthrift-0.6.1.jar:/home/ibm-wave10-rutul/.m2/repository/javax/servlet/servlet-api/2.5/servlet-api-2.5.jar:/home/ibm-wave10-rutul/.m2/repository/org/apache/httpcomponents/httpclient/4.5.10/httpclient-4.5.10.jar:/home/ibm-wave10-rutul/.m2/repository/org/apache/httpcomponents/httpcore/4.4.12/httpcore-4.4.12.jar:/home/ibm-wave10-rutul/.m2/repository/org/apache/cassandra/cassandra-thrift/0.8.1/cassandra-thrift-0.8.1.jar:/home/ibm-wave10-rutul/.m2/repository/com/github/stephenc/jamm/0.2.2/jamm-0.2.2.jar:/home/ibm-wave10-rutul/.m2/repository/ch/qos/logback/logback-classic/1.2.3/logback-classic-1.2.3.jar:/home/ibm-wave10-rutul/.m2/repository/ch/qos/logback/logback-core/1.2.3/logback-core-1.2.3.jar:/home/ibm-wave10-rutul/.m2/repository/org/aspectj/aspectjweaver/1.9.5/aspectjweaver-1.9.5.jar:/home/ibm-wave10-rutul/.m2/repository/org/springframework/spring-context/5.2.2.RELEASE/spring-context-5.2.2.RELEASE.jar:/home/ibm-wave10-rutul/.m2/repository/org/springframework/spring-aop/5.2.2.RELEASE/spring-aop-5.2.2.RELEASE.jar:/home/ibm-wave10-rutul/.m2/repository/org/springframework/spring-beans/5.2.2.RELEASE/spring-beans-5.2.2.RELEASE.jar:/home/ibm-wave10-rutul/.m2/repository/org/springframework/spring-expression/5.2.2.RELEASE/spring-expression-5.2.2.RELEASE.jar:/home/ibm-wave10-rutul/.m2/repository/org/springframework/security/spring-security-test/5.2.1.RELEASE/spring-security-test-5.2.1.RELEASE.jar:/home/ibm-wave10-rutul/.m2/repository/org/springframework/security/spring-security-core/5.2.1.RELEASE/spring-security-core-5.2.1.RELEASE.jar:/home/ibm-wave10-rutul/.m2/repository/org/springframework/security/spring-security-web/5.2.1.RELEASE/spring-security-web-5.2.1.RELEASE.jar:/home/ibm-wave10-rutul/.m2/repository/io/jsonwebtoken/jjwt/0.9.0/jjwt-0.9.0.jar:/home/ibm-wave10-rutul/.m2/repository/com/fasterxml/jackson/core/jackson-databind/2.10.1/jackson-databind-2.10.1.jar:/home/ibm-wave10-rutul/.m2/repository/com/fasterxml/jackson/core/jackson-annotations/2.10.1/jackson-annotations-2.10.1.jar:/home/ibm-wave10-rutul/.m2/repository/com/fasterxml/jackson/core/jackson-core/2.10.1/jackson-core-2.10.1.jar:/home/ibm-wave10-rutul/.m2/repository/org/springframework/security/spring-security-crypto/5.2.1.RELEASE/spring-security-crypto-5.2.1.RELEASE.jar:/home/ibm-wave10-rutul/.m2/repository/io/springfox/springfox-swagger2/2.9.2/springfox-swagger2-2.9.2.jar:/home/ibm-wave10-rutul/.m2/repository/io/swagger/swagger-annotations/1.5.20/swagger-annotations-1.5.20.jar:/home/ibm-wave10-rutul/.m2/repository/io/swagger/swagger-models/1.5.20/swagger-models-1.5.20.jar:/home/ibm-wave10-rutul/.m2/repository/io/springfox/springfox-spi/2.9.2/springfox-spi-2.9.2.jar:/home/ibm-wave10-rutul/.m2/repository/io/springfox/springfox-core/2.9.2/springfox-core-2.9.2.jar:/home/ibm-wave10-rutul/.m2/repository/io/springfox/springfox-schema/2.9.2/springfox-schema-2.9.2.jar:/home/ibm-wave10-rutul/.m2/repository/io/springfox/springfox-swagger-common/2.9.2/springfox-swagger-common-2.9.2.jar:/home/ibm-wave10-rutul/.m2/repository/io/springfox/springfox-spring-web/2.9.2/springfox-spring-web-2.9.2.jar:/home/ibm-wave10-rutul/.m2/repository/com/fasterxml/classmate/1.5.1/classmate-1.5.1.jar:/home/ibm-wave10-rutul/.m2/repository/org/springframework/plugin/spring-plugin-core/1.2.0.RELEASE/spring-plugin-core-1.2.0.RELEASE.jar:/home/ibm-wave10-rutul/.m2/repository/org/springframework/plugin/spring-plugin-metadata/1.2.0.RELEASE/spring-plugin-metadata-1.2.0.RELEASE.jar:/home/ibm-wave10-rutul/.m2/repository/org/mapstruct/mapstruct/1.2.0.Final/mapstruct-1.2.0.Final.jar:/home/ibm-wave10-rutul/.m2/repository/io/springfox/springfox-swagger-ui/2.9.2/springfox-swagger-ui-2.9.2.jar:"/>
    <property name="sun.cpu.endian" value="little"/>
    <property name="user.home" value="/home/ibm-wave10-rutul"/>
    <property name="user.language" value="en"/>
    <property name="java.specification.vendor" value="Oracle Corporation"/>
    <property name="java.home" value="/usr/lib/jvm/java-8-openjdk-amd64/jre"/>
    <property name="basedir" value="/home/ibm-wave10-rutul/spring-tool-suite-4-4.4.2.RELEASE-e4.13.0-linux.gtk.x86_64/sts-4.4.2.RELEASE/CricketPlayerMicroService/CricketPlayerRecommendation"/>
    <property name="style.color" value="always"/>
    <property name="file.separator" value="/"/>
    <property name="line.separator" value="&#10;"/>
    <property name="java.vm.specification.vendor" value="Oracle Corporation"/>
    <property name="java.specification.name" value="Java Platform API Specification"/>
    <property name="java.awt.graphicsenv" value="sun.awt.X11GraphicsEnvironment"/>
    <property name="surefire.real.class.path" value="/home/ibm-wave10-rutul/spring-tool-suite-4-4.4.2.RELEASE-e4.13.0-linux.gtk.x86_64/sts-4.4.2.RELEASE/CricketPlayerMicroService/CricketPlayerRecommendation/target/surefire/surefirebooter4164760420959821551.jar"/>
    <property name="sun.boot.class.path" value="/usr/lib/jvm/java-8-openjdk-amd64/jre/lib/resources.jar:/usr/lib/jvm/java-8-openjdk-amd64/jre/lib/rt.jar:/usr/lib/jvm/java-8-openjdk-amd64/jre/lib/sunrsasign.jar:/usr/lib/jvm/java-8-openjdk-amd64/jre/lib/jsse.jar:/usr/lib/jvm/java-8-openjdk-amd64/jre/lib/jce.jar:/usr/lib/jvm/java-8-openjdk-amd64/jre/lib/charsets.jar:/usr/lib/jvm/java-8-openjdk-amd64/jre/lib/jfr.jar:/usr/lib/jvm/java-8-openjdk-amd64/jre/classes"/>
    <property name="sun.management.compiler" value="HotSpot 64-Bit Tiered Compilers"/>
    <property name="java.runtime.version" value="1.8.0_232-8u232-b09-0ubuntu1~18.04.1-b09"/>
    <property name="user.name" value="ibm-wave10-rutul"/>
    <property name="path.separator" value=":"/>
    <property name="os.version" value="5.0.0-37-generic"/>
    <property name="java.endorsed.dirs" value="/usr/lib/jvm/java-8-openjdk-amd64/jre/lib/endorsed"/>
    <property name="java.runtime.name" value="OpenJDK Runtime Environment"/>
    <property name="file.encoding" value="UTF-8"/>
    <property name="java.vm.name" value="OpenJDK 64-Bit Server VM"/>
    <property name="localRepository" value="/home/ibm-wave10-rutul/.m2/repository"/>
    <property name="java.vendor.url.bug" value="http://bugreport.sun.com/bugreport/"/>
    <property name="java.io.tmpdir" value="/tmp"/>
    <property name="java.version" value="1.8.0_232"/>
    <property name="user.dir" value="/home/ibm-wave10-rutul/spring-tool-suite-4-4.4.2.RELEASE-e4.13.0-linux.gtk.x86_64/sts-4.4.2.RELEASE/CricketPlayerMicroService/CricketPlayerRecommendation"/>
    <property name="os.arch" value="amd64"/>
    <property name="java.vm.specification.name" value="Java Virtual Machine Specification"/>
    <property name="java.awt.printerjob" value="sun.print.PSPrinterJob"/>
    <property name="sun.os.patch.level" value="unknown"/>
    <property name="java.library.path" value="/usr/java/packages/lib/amd64:/usr/lib/x86_64-linux-gnu/jni:/lib/x86_64-linux-gnu:/usr/lib/x86_64-linux-gnu:/usr/lib/jni:/lib:/usr/lib"/>
    <property name="java.vm.info" value="mixed mode"/>
    <property name="java.vendor" value="Private Build"/>
    <property name="java.vm.version" value="25.232-b09"/>
    <property name="java.ext.dirs" value="/usr/lib/jvm/java-8-openjdk-amd64/jre/lib/ext:/usr/java/packages/lib/ext"/>
    <property name="sun.io.unicode.encoding" value="UnicodeLittle"/>
    <property name="java.class.version" value="52.0"/>
  </properties>
  <testcase name="testDeleteRecSuccess" classname="com.example.demo.controller.RecommendationControllerTest" time="0.271"/>
  <testcase name="testAddRecSuccess" classname="com.example.demo.controller.RecommendationControllerTest" time="0.051"/>
  <testcase name="testGetRecsSuccess" classname="com.example.demo.controller.RecommendationControllerTest" time="0.005"/>
</testsuite>